15:03:58:379       -------------------------------------------------------------------
15:03:58:380                        STM32CubeProgrammer v2.21.0                  
15:03:58:380       -------------------------------------------------------------------

15:03:58:380 

15:03:58:380 Log output file:   c:\Users\jbenromd\Desktop\stm32cubeprogrammer-main\Backend\utils\logfiles\stlink_connect_0671FF34314B4E3043234043.log
15:03:58:380 Command line:  -c port=SWD sn=0671ff34314b4e3043234043 -log "c:\Users\jbenromd\Desktop\stm32cubeprogrammer-main\Backend\utils\logfiles\stlink_connect_0671FF34314B4E3043234043.log"
15:03:58:380 
15:03:58:398 ST-LINK SN  : 0671FF34314B4E3043234043
15:03:58:399 ST-LINK FW  : V2J40M27
15:03:58:399 Board       : NUCLEO-L152RE
15:03:58:399 Voltage     : 3.26V
15:03:58:420 SWD freq    : 4000 KHz
15:03:58:420 Connect mode: Normal
15:03:58:420 Reset mode  : Software reset
15:03:58:422 Device ID   : 0x437
15:03:58:424 Revision ID : Rev Z
15:03:58:432 flash loader C:/Program Files/STMicroelectronics/STM32Cube/STM32CubeProgrammer/bin/FlashLoader/0x437.stldr is loaded
15:03:58:434 Device name : STM32L15xxE/STM32L162xE
15:03:58:434 Reading data...
15:03:58:435 r ap 0 @0x1FF800CC 0x00000004 bytes Data 0x00000200
15:03:58:435 Flash size  : 512 KBytes
15:03:58:435 Device type : MCU
15:03:58:435 Device CPU  : Cortex-M3
15:03:58:436 BL Version  : 0x40
15:03:58:436 Debug in Low Power mode enabled
15:03:58:436 
15:03:58:436 Disconnected
