22:57:31:353       -------------------------------------------------------------------
22:57:31:353                        STM32CubeProgrammer v2.21.0                  
22:57:31:353       -------------------------------------------------------------------

22:57:31:353 

22:57:31:353 Log output file:   c:\Users\Lenovo\Desktop\hello-main\Backend\utils\logfiles\stlink_connect_003F00353433510F37363934.log
22:57:31:353 Command line:  -c port=SWD sn=003f00353433510f37363934 -log "c:\Users\Lenovo\Desktop\hello-main\Backend\utils\logfiles\stlink_connect_003F00353433510F37363934.log"
22:57:31:354 
22:57:31:379 ST-LINK SN  : 003F00353433510F37363934
22:57:31:379 ST-LINK FW  : V3J16M7
22:57:31:380 Board       : NUCLEO-H563ZI
22:57:31:380 Voltage     : 3.28V
22:57:31:398 Connection to AP 0 requested and failed, Connection established with AP 1

22:57:31:403 SWD freq    : 8000 KHz
22:57:31:403 Connect mode: Normal
22:57:31:403 Reset mode  : Software reset
22:57:31:407 Device ID   : 0x484
22:57:31:411 r ap 1 @0x44024000 0x00000004 bytes Data 0x10076484
22:57:31:411 Revision ID : Rev X
22:57:31:475 Clear all interrupts

22:57:31:483 r ap 1 @0x44024000 0x00000004 bytes Data 0x10076484
22:57:31:501 Reading data...
22:57:31:502 r ap 1 @0x40022070 0x00000004 bytes Data 0xC300007C
22:57:31:502 Reading data...
22:57:31:502 r ap 1 @0x08FFF80C 0x00000004 bytes Data 0x00040800
22:57:31:503 r ap 1 @0x40022070 0x00000004 bytes Data 0xC300007C
22:57:31:503 r ap 1 @0x40022050 0x00000004 bytes Data 0x2D30EDF9
22:57:31:503 halt ap 1 
22:57:31:503 r ap 1 reg 15 PC   0x30303030
22:57:31:503 PC value = 0x30303030  : 

22:57:31:504 r ap 1 @0x40022070 0x00000004 bytes Data 0xC300007C
22:57:31:504 r ap 1 @0x40022050 0x00000004 bytes Data 0x2D30EDF9
22:57:31:504 r ap 1 @0xE000EE08 0x00000004 bytes Data 0x00000000
22:57:31:504 r ap 1 @0x500220E0 0x00000004 bytes Data 0x007F0000
22:57:31:505 r ap 1 @0x500220E0 0x00000004 bytes Data 0x007F0000
22:57:31:505 r ap 1 @0x500221E0 0x00000004 bytes Data 0x007F0000
22:57:31:505 r ap 1 @0x500221E0 0x00000004 bytes Data 0x007F0000
22:57:31:506 r ap 1 @0x40022070 0x00000004 bytes Data 0xC300007C
22:57:31:506 SAU Config applied : 

22:57:31:506 w ap 1 @0xE000EDD8 0x00000004 bytes Data 0x00000000
22:57:31:506 w ap 1 @0xE000EDDC 0x00000004 bytes Data 0x40000000
22:57:31:506 w ap 1 @0xE000EDE0 0x00000004 bytes Data 0x4FFFFFE1
22:57:31:507 w ap 1 @0xE000EDD0 0x00000004 bytes Data 0x00000001
22:57:31:507 Zone 1 defined as non secure: 	Start= 0x40000000	 End= 0x4FFFFFFF 
22:57:31:507 w ap 1 @0xE000EDD8 0x00000004 bytes Data 0x00000001
22:57:31:507 w ap 1 @0xE000EDDC 0x00000004 bytes Data 0x08FFF000
22:57:31:507 w ap 1 @0xE000EDE0 0x00000004 bytes Data 0x08FFF801
22:57:31:508 w ap 1 @0xE000EDD0 0x00000004 bytes Data 0x00000001
22:57:31:508 Zone 2 defined as non secure: 	Start= 0x8FFF000	 End= 0x8FFF81C 
22:57:31:508 w ap 1 @0xE000EDD8 0x00000004 bytes Data 0x00000002
22:57:31:508 w ap 1 @0xE000EDDC 0x00000004 bytes Data 0x0BF96000
22:57:31:508 w ap 1 @0xE000EDE0 0x00000004 bytes Data 0x0BFA0001
22:57:31:509 w ap 1 @0xE000EDD0 0x00000004 bytes Data 0x00000001
22:57:31:509 Zone 3 defined as non secure: 	Start= 0xBF96000	 End= 0xBFA0000 
22:57:31:509 w ap 1 @0xE000EDD8 0x00000004 bytes Data 0x00000003
22:57:31:509 w ap 1 @0xE000EDDC 0x00000004 bytes Data 0x0BFA0760
22:57:31:510 w ap 1 @0xE000EDE0 0x00000004 bytes Data 0x0BFA0761
22:57:31:510 w ap 1 @0xE000EDD0 0x00000004 bytes Data 0x00000001
22:57:31:510 Zone 4 defined as non secure: 	Start= 0xBFA0764	 End= 0xBFA0768 
22:57:31:510 w ap 1 @0xE000EDD8 0x00000004 bytes Data 0x00000004
22:57:31:511 w ap 1 @0xE000EDDC 0x00000004 bytes Data 0x08000000
22:57:31:511 w ap 1 @0xE000EDE0 0x00000004 bytes Data 0x08200001
22:57:31:511 w ap 1 @0xE000EDD0 0x00000004 bytes Data 0x00000001
22:57:31:511 Zone 5 defined as non secure: 	Start= 0x8000000	 End= 0x8200000 
22:57:31:511 r ap 1 @0x40022050 0x00000004 bytes Data 0x2D30EDF9
22:57:31:512 r ap 1 @0x40022040 0x00000004 bytes Data 0x01FF0001
22:57:31:512 r ap 1 @0x08FFF80C 0x00000004 bytes Data 0x00040800
22:57:31:512 Database: Config 0 is active.
22:57:31:513 flash loader C:/Program Files/STMicroelectronics/STM32Cube/STM32CubeProgrammer/bin/FlashLoader/0x484.stldr is loaded
22:57:31:513 Enable DBGMCU Clock
22:57:31:513 r ap 1 @0x44020C9C 0x00000004 bytes Data 0x00000000
22:57:31:514 w ap 1 @0x44020C9C 0x00000004 bytes Data 0x00000800
22:57:31:514 Disable WDG
22:57:31:514 r ap 1 @0x44024004 0x00000004 bytes Data 0x00000006
22:57:31:514 w ap 1 @0x44024004 0x00000004 bytes Data 0x00000006
22:57:31:514 r ap 1 @0x44024008 0x00000004 bytes Data 0x00001800
22:57:31:515 w ap 1 @0x44024008 0x00000004 bytes Data 0x00001800
22:57:31:517 Reading data...
22:57:31:518 r ap 1 @0x40022070 0x00000004 bytes Data 0xC300007C
22:57:31:518 Reading data...
22:57:31:518 r ap 1 @0x40022070 0x00000004 bytes Data 0xC300007C
22:57:31:518 r ap 1 @0x40022050 0x00000004 bytes Data 0x2D30EDF9
22:57:31:519 halt ap 1 
22:57:31:519 r ap 1 reg 15 PC   0x30303030
22:57:31:519 PC value = 0x30303030  : 

22:57:31:520 r ap 1 @0x40022070 0x00000004 bytes Data 0xC300007C
22:57:31:520 r ap 1 @0x40022050 0x00000004 bytes Data 0x2D30EDF9
22:57:31:520 r ap 1 @0xE000EE08 0x00000004 bytes Data 0x00000000
22:57:31:521 r ap 1 @0x500220E0 0x00000004 bytes Data 0x007F0000
22:57:31:521 r ap 1 @0x500220E0 0x00000004 bytes Data 0x007F0000
22:57:31:521 r ap 1 @0x500221E0 0x00000004 bytes Data 0x007F0000
22:57:31:521 r ap 1 @0x500221E0 0x00000004 bytes Data 0x007F0000
22:57:31:522 r ap 1 @0x40022070 0x00000004 bytes Data 0xC300007C
22:57:31:522 SAU Config applied : 

22:57:31:522 w ap 1 @0xE000EDD8 0x00000004 bytes Data 0x00000000
22:57:31:522 w ap 1 @0xE000EDDC 0x00000004 bytes Data 0x40000000
22:57:31:522 w ap 1 @0xE000EDE0 0x00000004 bytes Data 0x4FFFFFE1
22:57:31:523 w ap 1 @0xE000EDD0 0x00000004 bytes Data 0x00000001
22:57:31:523 Zone 1 defined as non secure: 	Start= 0x40000000	 End= 0x4FFFFFFF 
22:57:31:523 w ap 1 @0xE000EDD8 0x00000004 bytes Data 0x00000001
22:57:31:523 w ap 1 @0xE000EDDC 0x00000004 bytes Data 0x08FFF000
22:57:31:523 w ap 1 @0xE000EDE0 0x00000004 bytes Data 0x08FFF801
22:57:31:524 w ap 1 @0xE000EDD0 0x00000004 bytes Data 0x00000001
22:57:31:524 Zone 2 defined as non secure: 	Start= 0x8FFF000	 End= 0x8FFF81C 
22:57:31:524 w ap 1 @0xE000EDD8 0x00000004 bytes Data 0x00000002
22:57:31:524 w ap 1 @0xE000EDDC 0x00000004 bytes Data 0x0BF96000
22:57:31:524 w ap 1 @0xE000EDE0 0x00000004 bytes Data 0x0BFA0001
22:57:31:525 w ap 1 @0xE000EDD0 0x00000004 bytes Data 0x00000001
22:57:31:525 Zone 3 defined as non secure: 	Start= 0xBF96000	 End= 0xBFA0000 
22:57:31:525 w ap 1 @0xE000EDD8 0x00000004 bytes Data 0x00000003
22:57:31:525 w ap 1 @0xE000EDDC 0x00000004 bytes Data 0x0BFA0760
22:57:31:526 w ap 1 @0xE000EDE0 0x00000004 bytes Data 0x0BFA0761
22:57:31:526 w ap 1 @0xE000EDD0 0x00000004 bytes Data 0x00000001
22:57:31:526 Zone 4 defined as non secure: 	Start= 0xBFA0764	 End= 0xBFA0768 
22:57:31:526 w ap 1 @0xE000EDD8 0x00000004 bytes Data 0x00000004
22:57:31:526 w ap 1 @0xE000EDDC 0x00000004 bytes Data 0x08000000
22:57:31:527 w ap 1 @0xE000EDE0 0x00000004 bytes Data 0x08200001
22:57:31:527 w ap 1 @0xE000EDD0 0x00000004 bytes Data 0x00000001
22:57:31:527 Zone 5 defined as non secure: 	Start= 0x8000000	 End= 0x8200000 
22:57:31:527 r ap 1 @0x40022050 0x00000004 bytes Data 0x2D30EDF9
22:57:31:528 r ap 1 @0x40022040 0x00000004 bytes Data 0x01FF0001
22:57:31:528 r ap 1 @0x08FFF80C 0x00000004 bytes Data 0x00040800
22:57:31:528 Database: Config 0 is active.
22:57:31:528 Device name : STM32H56x/573
22:57:31:528 Reading data...
22:57:31:528 r ap 1 @0x40022070 0x00000004 bytes Data 0xC300007C
22:57:31:528 r ap 1 @0x40022050 0x00000004 bytes Data 0x2D30EDF9
22:57:31:529 halt ap 1 
22:57:31:529 r ap 1 reg 15 PC   0x30303030
22:57:31:529 PC value = 0x30303030  : 

22:57:31:529 r ap 1 @0x40022070 0x00000004 bytes Data 0xC300007C
22:57:31:530 r ap 1 @0x40022050 0x00000004 bytes Data 0x2D30EDF9
22:57:31:530 r ap 1 @0xE000EE08 0x00000004 bytes Data 0x00000000
22:57:31:530 r ap 1 @0x500220E0 0x00000004 bytes Data 0x007F0000
22:57:31:530 r ap 1 @0x500220E0 0x00000004 bytes Data 0x007F0000
22:57:31:531 r ap 1 @0x500221E0 0x00000004 bytes Data 0x007F0000
22:57:31:531 r ap 1 @0x500221E0 0x00000004 bytes Data 0x007F0000
22:57:31:531 r ap 1 @0x40022070 0x00000004 bytes Data 0xC300007C
22:57:31:531 SAU Config applied : 

22:57:31:531 w ap 1 @0xE000EDD8 0x00000004 bytes Data 0x00000000
22:57:31:532 w ap 1 @0xE000EDDC 0x00000004 bytes Data 0x40000000
22:57:31:532 w ap 1 @0xE000EDE0 0x00000004 bytes Data 0x4FFFFFE1
22:57:31:532 w ap 1 @0xE000EDD0 0x00000004 bytes Data 0x00000001
22:57:31:532 Zone 1 defined as non secure: 	Start= 0x40000000	 End= 0x4FFFFFFF 
22:57:31:532 w ap 1 @0xE000EDD8 0x00000004 bytes Data 0x00000001
22:57:31:533 w ap 1 @0xE000EDDC 0x00000004 bytes Data 0x08FFF000
22:57:31:533 w ap 1 @0xE000EDE0 0x00000004 bytes Data 0x08FFF801
22:57:31:533 w ap 1 @0xE000EDD0 0x00000004 bytes Data 0x00000001
22:57:31:533 Zone 2 defined as non secure: 	Start= 0x8FFF000	 End= 0x8FFF81C 
22:57:31:533 w ap 1 @0xE000EDD8 0x00000004 bytes Data 0x00000002
22:57:31:534 w ap 1 @0xE000EDDC 0x00000004 bytes Data 0x0BF96000
22:57:31:534 w ap 1 @0xE000EDE0 0x00000004 bytes Data 0x0BFA0001
22:57:31:534 w ap 1 @0xE000EDD0 0x00000004 bytes Data 0x00000001
22:57:31:534 Zone 3 defined as non secure: 	Start= 0xBF96000	 End= 0xBFA0000 
22:57:31:535 w ap 1 @0xE000EDD8 0x00000004 bytes Data 0x00000003
22:57:31:535 w ap 1 @0xE000EDDC 0x00000004 bytes Data 0x0BFA0760
22:57:31:535 w ap 1 @0xE000EDE0 0x00000004 bytes Data 0x0BFA0761
22:57:31:536 w ap 1 @0xE000EDD0 0x00000004 bytes Data 0x00000001
22:57:31:536 Zone 4 defined as non secure: 	Start= 0xBFA0764	 End= 0xBFA0768 
22:57:31:536 w ap 1 @0xE000EDD8 0x00000004 bytes Data 0x00000004
22:57:31:536 w ap 1 @0xE000EDDC 0x00000004 bytes Data 0x08000000
22:57:31:537 w ap 1 @0xE000EDE0 0x00000004 bytes Data 0x08200001
22:57:31:537 w ap 1 @0xE000EDD0 0x00000004 bytes Data 0x00000001
22:57:31:537 Zone 5 defined as non secure: 	Start= 0x8000000	 End= 0x8200000 
22:57:31:537 r ap 1 @0x40022050 0x00000004 bytes Data 0x2D30EDF9
22:57:31:537 r ap 1 @0x40022040 0x00000004 bytes Data 0x01FF0001
22:57:31:538 r ap 1 @0x08FFF80C 0x00000004 bytes Data 0x00040800
22:57:31:538 Flash size  : 2 MBytes
22:57:31:538 Device type : MCU
22:57:31:538 Device CPU  : Cortex-M33
22:57:31:538 r ap 1 @0x40022050 0x00000004 bytes Data 0x2D30EDF9
22:57:31:539 r ap 1 @0x40022070 0x00000004 bytes Data 0xC300007C
22:57:31:539 r ap 1 @0x40022050 0x00000004 bytes Data 0x2D30EDF9
22:57:31:539 halt ap 1 
22:57:31:539 r ap 1 reg 15 PC   0x30303030
22:57:31:539 PC value = 0x30303030  : 

22:57:31:540 r ap 1 @0x40022070 0x00000004 bytes Data 0xC300007C
22:57:31:540 r ap 1 @0x40022050 0x00000004 bytes Data 0x2D30EDF9
22:57:31:540 r ap 1 @0xE000EE08 0x00000004 bytes Data 0x00000000
22:57:31:541 r ap 1 @0x500220E0 0x00000004 bytes Data 0x007F0000
22:57:31:541 r ap 1 @0x500220E0 0x00000004 bytes Data 0x007F0000
22:57:31:541 r ap 1 @0x500221E0 0x00000004 bytes Data 0x007F0000
22:57:31:541 r ap 1 @0x500221E0 0x00000004 bytes Data 0x007F0000
22:57:31:542 r ap 1 @0x40022070 0x00000004 bytes Data 0xC300007C
22:57:31:542 SAU Config applied : 

22:57:31:542 w ap 1 @0xE000EDD8 0x00000004 bytes Data 0x00000000
22:57:31:542 w ap 1 @0xE000EDDC 0x00000004 bytes Data 0x40000000
22:57:31:542 w ap 1 @0xE000EDE0 0x00000004 bytes Data 0x4FFFFFE1
22:57:31:543 w ap 1 @0xE000EDD0 0x00000004 bytes Data 0x00000001
22:57:31:543 Zone 1 defined as non secure: 	Start= 0x40000000	 End= 0x4FFFFFFF 
22:57:31:543 w ap 1 @0xE000EDD8 0x00000004 bytes Data 0x00000001
22:57:31:543 w ap 1 @0xE000EDDC 0x00000004 bytes Data 0x08FFF000
22:57:31:544 w ap 1 @0xE000EDE0 0x00000004 bytes Data 0x08FFF801
22:57:31:544 w ap 1 @0xE000EDD0 0x00000004 bytes Data 0x00000001
22:57:31:544 Zone 2 defined as non secure: 	Start= 0x8FFF000	 End= 0x8FFF81C 
22:57:31:544 w ap 1 @0xE000EDD8 0x00000004 bytes Data 0x00000002
22:57:31:544 w ap 1 @0xE000EDDC 0x00000004 bytes Data 0x0BF96000
22:57:31:545 w ap 1 @0xE000EDE0 0x00000004 bytes Data 0x0BFA0001
22:57:31:545 w ap 1 @0xE000EDD0 0x00000004 bytes Data 0x00000001
22:57:31:545 Zone 3 defined as non secure: 	Start= 0xBF96000	 End= 0xBFA0000 
22:57:31:545 w ap 1 @0xE000EDD8 0x00000004 bytes Data 0x00000003
22:57:31:546 w ap 1 @0xE000EDDC 0x00000004 bytes Data 0x0BFA0760
22:57:31:546 w ap 1 @0xE000EDE0 0x00000004 bytes Data 0x0BFA0761
22:57:31:546 w ap 1 @0xE000EDD0 0x00000004 bytes Data 0x00000001
22:57:31:546 Zone 4 defined as non secure: 	Start= 0xBFA0764	 End= 0xBFA0768 
22:57:31:546 w ap 1 @0xE000EDD8 0x00000004 bytes Data 0x00000004
22:57:31:547 w ap 1 @0xE000EDDC 0x00000004 bytes Data 0x08000000
22:57:31:547 w ap 1 @0xE000EDE0 0x00000004 bytes Data 0x08200001
22:57:31:547 w ap 1 @0xE000EDD0 0x00000004 bytes Data 0x00000001
22:57:31:547 Zone 5 defined as non secure: 	Start= 0x8000000	 End= 0x8200000 
22:57:31:548 BL Version  : 0xE4
22:57:31:552 r ap 1 @0x40022050 0x00000004 bytes Data 0x2D30EDF9
22:57:31:552 r ap 1 @0x40022070 0x00000004 bytes Data 0xC300007C
22:57:31:552 r ap 1 @0x40022050 0x00000004 bytes Data 0x2D30EDF9
22:57:31:553 halt ap 1 
22:57:31:553 r ap 1 reg 15 PC   0x30303030
22:57:31:553 PC value = 0x30303030  : 

22:57:31:553 r ap 1 @0x40022070 0x00000004 bytes Data 0xC300007C
22:57:31:553 r ap 1 @0x40022050 0x00000004 bytes Data 0x2D30EDF9
22:57:31:554 r ap 1 @0xE000EE08 0x00000004 bytes Data 0x00000000
22:57:31:554 r ap 1 @0x500220E0 0x00000004 bytes Data 0x007F0000
22:57:31:554 r ap 1 @0x500220E0 0x00000004 bytes Data 0x007F0000
22:57:31:555 r ap 1 @0x500221E0 0x00000004 bytes Data 0x007F0000
22:57:31:555 r ap 1 @0x500221E0 0x00000004 bytes Data 0x007F0000
22:57:31:555 r ap 1 @0x40022070 0x00000004 bytes Data 0xC300007C
22:57:31:555 SAU Config applied : 

22:57:31:555 w ap 1 @0xE000EDD8 0x00000004 bytes Data 0x00000000
22:57:31:556 w ap 1 @0xE000EDDC 0x00000004 bytes Data 0x40000000
22:57:31:556 w ap 1 @0xE000EDE0 0x00000004 bytes Data 0x4FFFFFE1
22:57:31:556 w ap 1 @0xE000EDD0 0x00000004 bytes Data 0x00000001
22:57:31:556 Zone 1 defined as non secure: 	Start= 0x40000000	 End= 0x4FFFFFFF 
22:57:31:556 w ap 1 @0xE000EDD8 0x00000004 bytes Data 0x00000001
22:57:31:557 w ap 1 @0xE000EDDC 0x00000004 bytes Data 0x08FFF000
22:57:31:557 w ap 1 @0xE000EDE0 0x00000004 bytes Data 0x08FFF801
22:57:31:557 w ap 1 @0xE000EDD0 0x00000004 bytes Data 0x00000001
22:57:31:557 Zone 2 defined as non secure: 	Start= 0x8FFF000	 End= 0x8FFF81C 
22:57:31:558 w ap 1 @0xE000EDD8 0x00000004 bytes Data 0x00000002
22:57:31:558 w ap 1 @0xE000EDDC 0x00000004 bytes Data 0x0BF96000
22:57:31:558 w ap 1 @0xE000EDE0 0x00000004 bytes Data 0x0BFA0001
22:57:31:558 w ap 1 @0xE000EDD0 0x00000004 bytes Data 0x00000001
22:57:31:558 Zone 3 defined as non secure: 	Start= 0xBF96000	 End= 0xBFA0000 
22:57:31:559 w ap 1 @0xE000EDD8 0x00000004 bytes Data 0x00000003
22:57:31:559 w ap 1 @0xE000EDDC 0x00000004 bytes Data 0x0BFA0760
22:57:31:559 w ap 1 @0xE000EDE0 0x00000004 bytes Data 0x0BFA0761
22:57:31:559 w ap 1 @0xE000EDD0 0x00000004 bytes Data 0x00000001
22:57:31:559 Zone 4 defined as non secure: 	Start= 0xBFA0764	 End= 0xBFA0768 
22:57:31:560 w ap 1 @0xE000EDD8 0x00000004 bytes Data 0x00000004
22:57:31:560 w ap 1 @0xE000EDDC 0x00000004 bytes Data 0x08000000
22:57:31:560 w ap 1 @0xE000EDE0 0x00000004 bytes Data 0x08200001
22:57:31:561 w ap 1 @0xE000EDD0 0x00000004 bytes Data 0x00000001
22:57:31:561 Zone 5 defined as non secure: 	Start= 0x8000000	 End= 0x8200000 
22:57:31:561 r ap 1 @0x0BF960CC 0x00000004 bytes Data 0x02050000
22:57:31:561 SFSP Version: v2.5.0
22:57:31:565 r ap 1 @0x44020C9C 0x00000004 bytes Data 0x00000800
22:57:31:565 w ap 1 @0x44020C9C 0x00000004 bytes Data 0x00000800
22:57:31:565 Debug in Low Power mode enabled
22:57:31:565 
22:57:31:570 Disconnected
