13:13:33:972       -------------------------------------------------------------------
13:13:33:972                        STM32CubeProgrammer v2.21.0                  
13:13:33:972       -------------------------------------------------------------------

13:13:33:972 

13:13:33:972 Log output file:   C:\Users\jbenromd\Desktop\stm32cubeprogrammer-main\Backend\logFiles\_NUCLEO-L152RE\logDownload1.log
13:13:33:972 Command line:  -c port=SWD sn=0671ff34314b4e3043234043 -d "Backend\TestFiles\32KB.bin" 0x08000000 -v -log "C:\Users\jbenromd\Desktop\stm32cubeprogrammer-main\Backend\logFiles\_NUCLEO-L152RE\logDownload1.log"
13:13:33:972 
13:13:33:996 ST-LINK SN  : 0671FF34314B4E3043234043
13:13:33:996 ST-LINK FW  : V2J40M27
13:13:33:996 Board       : NUCLEO-L152RE
13:13:34:000 Voltage     : 3.26V
13:13:34:021 SWD freq    : 4000 KHz
13:13:34:021 Connect mode: Normal
13:13:34:021 Reset mode  : Software reset
13:13:34:023 Device ID   : 0x437
13:13:34:024 Revision ID : Rev Z
13:13:34:029 flash loader C:/Program Files/STMicroelectronics/STM32Cube/STM32CubeProgrammer/bin/FlashLoader/0x437.stldr is loaded
13:13:34:035 Device name : STM32L15xxE/STM32L162xE
13:13:34:035 Reading data...
13:13:34:036 r ap 0 @0x1FF800CC 0x00000004 bytes Data 0x00000200
13:13:34:036 Flash size  : 512 KBytes
13:13:34:036 Device type : MCU
13:13:34:036 Device CPU  : Cortex-M3
13:13:34:038 BL Version  : 0x40
13:13:34:039 Debug in Low Power mode enabled
13:13:34:040 
13:13:34:042 

13:13:34:042 Opening and parsing file: 32KB.bin
13:13:34:042 

13:13:34:042 Memory Programming ...
13:13:34:042   File          : 32KB.bin
13:13:34:042   Size          : 32.00 KB 
13:13:34:042   Address       : 0x08000000
13:13:34:042 

13:13:34:042 Erasing Segment <0> Address <0x08000000> Size <32768>Bytes
13:13:34:042 Erasing memory corresponding to segment 0:
13:13:34:042 r ap 0 @0x40022040 0x00000004 bytes Data 0x10086437
13:13:34:042 fail @0xFEEEFEEE
13:13:34:042 Memory Erase via FlashLoader!
13:13:34:042 Memory erase...
13:13:34:048 halt ap 0 
13:13:34:048 w ap 0 reg 15 PC   (0x20000000)  
13:13:34:048 w ap 0 reg 17 MSP  (0x20000500)  
13:13:34:049 w ap 0 reg 16 xPSR (0x01000000)  
13:13:34:052 w ap 0 @0x20000C00 : 0x00000200 bytes, Data 0x00000000...
13:13:34:052 w ap 0 @0x20000000 : 0x00000004 bytes, Data 0x0000BE00...
13:13:34:052 w ap 0 @0x20000004 : 0x000007D6 bytes, Data 0xB672B580...
13:13:34:052 Erasing internal memory sectors [0 127]
13:13:34:052 Init flashloader...
13:13:34:052 halt ap 0 
13:13:34:067 w ap 0 reg 0 R0   0x00000001
13:13:34:067 w ap 0 reg 1 R1   0x00000000
13:13:34:068 w ap 0 reg 2 R2   0x00000000
13:13:34:069 w ap 0 reg 3 R3   0x00000000
13:13:34:069 w ap 0 reg 4 R4   0x00000000
13:13:34:070 w ap 0 reg 5 R5   0x00000000
13:13:34:070 w ap 0 reg 6 R6   0x00000000
13:13:34:070 w ap 0 reg 7 R7   0x00000000
13:13:34:071 w ap 0 reg 8 R8   0x00000000
13:13:34:071 w ap 0 reg 9 R9   0x00000000
13:13:34:072 w ap 0 reg 10 R10  0x00000000
13:13:34:072 w ap 0 reg 11 R11  0x00000000
13:13:34:072 w ap 0 reg 12 R12  0x00000000
13:13:34:072 w ap 0 reg 13 SP   0x00000000
13:13:34:072 w ap 0 reg 14 LR   0x20000001
13:13:34:072 w ap 0 reg 15 PC   0x20000005
13:13:34:072 w ap 0 reg 16 xPSR 0x01000000
13:13:34:072 w ap 0 reg 17 MSP  0x20000BD6
13:13:34:072 w ap 0 reg 18 PSP  0x00000000
13:13:34:072 run ap 0 
13:13:34:072 halt ap 0 
13:13:34:072 r ap 0 reg 0 R0   0x00000001
13:13:34:072 Loader sector erase...
13:13:34:072 w ap 0 reg 0 R0   0x08000000
13:13:34:072 w ap 0 reg 1 R1   0x08007F00
13:13:34:072 w ap 0 reg 2 R2   0x00000002
13:13:34:072 w ap 0 reg 3 R3   0x00000000
13:13:34:072 w ap 0 reg 4 R4   0x00000000
13:13:34:072 w ap 0 reg 5 R5   0x00000000
13:13:34:072 w ap 0 reg 6 R6   0x00000000
13:13:34:072 w ap 0 reg 7 R7   0x00000000
13:13:34:072 w ap 0 reg 8 R8   0x00000000
13:13:34:072 w ap 0 reg 9 R9   0x00000000
13:13:34:072 w ap 0 reg 10 R10  0x00000000
13:13:34:084 w ap 0 reg 11 R11  0x00000000
13:13:34:085 w ap 0 reg 12 R12  0x00000000
13:13:34:085 w ap 0 reg 13 SP   0x00000000
13:13:34:086 w ap 0 reg 14 LR   0x20000001
13:13:34:087 w ap 0 reg 15 PC   0x200002BB
13:13:34:087 w ap 0 reg 16 xPSR 0x01000000
13:13:34:088 w ap 0 reg 17 MSP  0x20000BD6
13:13:34:088 w ap 0 reg 18 PSP  0x00000000
13:13:34:088 run ap 0 
13:13:34:514 halt ap 0 
13:13:34:514 r ap 0 reg 0 R0   0x00000001
13:13:34:514 erase: 0476ms
13:13:34:514 Download in Progress:
13:13:34:514   Size          : 32768 Bytes
13:13:34:514   Address       : 0x08000000
13:13:34:514 

13:13:34:514 Buffer program...
13:13:34:514 halt ap 0 
13:13:34:514 w ap 0 reg 15 PC   (0x20000000)  
13:13:34:514 w ap 0 reg 17 MSP  (0x20000500)  
13:13:34:514 w ap 0 reg 16 xPSR (0x01000000)  
13:13:34:530 w ap 0 @0x20000C00 : 0x00000200 bytes, Data 0x00000000...
13:13:34:530 w ap 0 @0x20000000 : 0x00000004 bytes, Data 0x0000BE00...
13:13:34:535 w ap 0 @0x20000004 : 0x000007D6 bytes, Data 0xB672B580...
13:13:34:535 Loader write range...
13:13:34:634 w ap 0 @0x20000C00 : 0x00004000 bytes, Data 0x3032303A...
13:13:34:634 W B1 in RAM @0x20000C00 size 0x00004000 : 0101ms
13:13:34:634 Init flashloader...
13:13:34:634 halt ap 0 
13:13:34:634 w ap 0 reg 0 R0   0x00000001
13:13:34:634 w ap 0 reg 1 R1   0x00000000
13:13:34:634 w ap 0 reg 2 R2   0x00000000
13:13:34:634 w ap 0 reg 3 R3   0x00000000
13:13:34:634 w ap 0 reg 4 R4   0x00000000
13:13:34:634 w ap 0 reg 5 R5   0x00000000
13:13:34:650 w ap 0 reg 6 R6   0x00000000
13:13:34:650 w ap 0 reg 7 R7   0x00000000
13:13:34:650 w ap 0 reg 8 R8   0x00000000
13:13:34:650 w ap 0 reg 9 R9   0x00000000
13:13:34:650 w ap 0 reg 10 R10  0x00000000
13:13:34:650 w ap 0 reg 11 R11  0x00000000
13:13:34:650 w ap 0 reg 12 R12  0x00000000
13:13:34:650 w ap 0 reg 13 SP   0x00000000
13:13:34:650 w ap 0 reg 14 LR   0x20000001
13:13:34:650 w ap 0 reg 15 PC   0x20000005
13:13:34:650 w ap 0 reg 16 xPSR 0x01000000
13:13:34:650 w ap 0 reg 17 MSP  0x20000BD6
13:13:34:650 w ap 0 reg 18 PSP  0x00000000
13:13:34:650 run ap 0 
13:13:34:650 halt ap 0 
13:13:34:650 r ap 0 reg 0 R0   0x00000001
13:13:34:650 w ap 0 reg 0 R0   0x08000000
13:13:34:650 w ap 0 reg 1 R1   0x00004000
13:13:34:650 w ap 0 reg 2 R2   0x20000C00
13:13:34:650 w ap 0 reg 3 R3   0x00000002
13:13:34:650 w ap 0 reg 4 R4   0x00000000
13:13:34:650 w ap 0 reg 5 R5   0x00000000
13:13:34:650 w ap 0 reg 6 R6   0x00000000
13:13:34:650 w ap 0 reg 7 R7   0x00000000
13:13:34:650 w ap 0 reg 8 R8   0x00000000
13:13:34:650 w ap 0 reg 9 R9   0x00000000
13:13:34:650 w ap 0 reg 10 R10  0x00000000
13:13:34:650 w ap 0 reg 11 R11  0x00000000
13:13:34:650 w ap 0 reg 12 R12  0x00000000
13:13:34:666 w ap 0 reg 13 SP   0x00000000
13:13:34:666 w ap 0 reg 14 LR   0x20000001
13:13:34:666 w ap 0 reg 15 PC   0x20000041
13:13:34:666 w ap 0 reg 16 xPSR 0x01000000
13:13:34:666 w ap 0 reg 17 MSP  0x20000BD6
13:13:34:666 w ap 0 reg 18 PSP  0x00000000
13:13:34:666 run ap 0 
13:13:34:760 w ap 0 @0x20004C00 : 0x00004000 bytes, Data 0x46464646...
13:13:34:760 W B2 in RAM @0x2000A400 size 0x00004000: 0127ms
13:13:35:127 r ap 0 reg 0 R0   0x00000001
13:13:35:127 Wait W B1 in Flash @0x08000000 size 0x00004000: 0360ms
13:13:35:127 w ap 0 reg 0 R0   0x08004000
13:13:35:127 w ap 0 reg 1 R1   0x00004000
13:13:35:127 w ap 0 reg 2 R2   0x20004C00
13:13:35:127 w ap 0 reg 3 R3   0x00000002
13:13:35:127 w ap 0 reg 4 R4   0x00000000
13:13:35:127 w ap 0 reg 5 R5   0x00000000
13:13:35:127 w ap 0 reg 6 R6   0x00000000
13:13:35:127 w ap 0 reg 7 R7   0x00000000
13:13:35:127 w ap 0 reg 8 R8   0x00000000
13:13:35:127 w ap 0 reg 9 R9   0x00000000
13:13:35:127 w ap 0 reg 10 R10  0x00000000
13:13:35:141 w ap 0 reg 11 R11  0x00000000
13:13:35:141 w ap 0 reg 12 R12  0x00000000
13:13:35:142 w ap 0 reg 13 SP   0x00000000
13:13:35:143 w ap 0 reg 14 LR   0x20000001
13:13:35:143 w ap 0 reg 15 PC   0x20000041
13:13:35:144 w ap 0 reg 16 xPSR 0x01000000
13:13:35:144 w ap 0 reg 17 MSP  0x20000BD6
13:13:35:145 w ap 0 reg 18 PSP  0x00000000
13:13:35:145 run ap 0 
13:13:35:609 r ap 0 reg 0 R0   0x00000001
13:13:35:609 Write elapsed time: 1065ms
13:13:35:609 Sector[0] downloaded successfully
13:13:35:609 

13:13:35:609 File download complete
13:13:35:609 Time elapsed during download operation: 00:00:01.565
13:13:35:609 


13:13:35:609 Verifying...
13:13:35:609 

13:13:35:609 Read progress:
13:13:35:609 Reading data...
13:13:35:812 r ap 0 @0x08000000 0x00008000 bytes Data 0x3032303A
13:13:35:812 

13:13:35:812 Time elapsed during verifying operation: 00:00:00.214
13:13:35:812 

13:13:35:812 Download verified successfully
13:13:35:812 

13:13:35:828 Disconnected
