13:13:38:268       -------------------------------------------------------------------
13:13:38:268                        STM32CubeProgrammer v2.21.0                  
13:13:38:268       -------------------------------------------------------------------

13:13:38:268 

13:13:38:268 Log output file:   C:\Users\jbenromd\Desktop\stm32cubeprogrammer-main\Backend\logFiles\_NUCLEO-L152RE\logDownload2.log
13:13:38:268 Command line:  -c port=SWD sn=0671ff34314b4e3043234043 -d "Backend\TestFiles\twoSegment.hex" -v -log "C:\Users\jbenromd\Desktop\stm32cubeprogrammer-main\Backend\logFiles\_NUCLEO-L152RE\logDownload2.log"
13:13:38:268 
13:13:38:291 ST-LINK SN  : 0671FF34314B4E3043234043
13:13:38:291 ST-LINK FW  : V2J40M27
13:13:38:291 Board       : NUCLEO-L152RE
13:13:38:291 Voltage     : 3.26V
13:13:38:319 SWD freq    : 4000 KHz
13:13:38:319 Connect mode: Normal
13:13:38:319 Reset mode  : Software reset
13:13:38:319 Device ID   : 0x437
13:13:38:324 Revision ID : Rev Z
13:13:38:329 flash loader C:/Program Files/STMicroelectronics/STM32Cube/STM32CubeProgrammer/bin/FlashLoader/0x437.stldr is loaded
13:13:38:335 Device name : STM32L15xxE/STM32L162xE
13:13:38:335 Reading data...
13:13:38:336 r ap 0 @0x1FF800CC 0x00000004 bytes Data 0x00000200
13:13:38:336 Flash size  : 512 KBytes
13:13:38:336 Device type : MCU
13:13:38:336 Device CPU  : Cortex-M3
13:13:38:337 BL Version  : 0x40
13:13:38:339 Debug in Low Power mode enabled
13:13:38:339 
13:13:38:341 

13:13:38:341 Opening and parsing file: twoSegment.hex
13:13:38:343 

13:13:38:343 Memory Programming ...
13:13:38:344   File          : twoSegment.hex
13:13:38:345   Size          : 100.00 B 
13:13:38:345   Address       : 0x08000000
13:13:38:345 

13:13:38:346 Erasing Segment <0> Address <0x08000000> Size <48>Bytes
13:13:38:346 Erasing memory corresponding to segment 0:
13:13:38:346 r ap 0 @0x40022040 0x00000004 bytes Data 0x10086437
13:13:38:346 fail @0xFEEEFEEE
13:13:38:346 Memory Erase via FlashLoader!
13:13:38:346 Memory erase...
13:13:38:349 halt ap 0 
13:13:38:349 w ap 0 reg 15 PC   (0x20000000)  
13:13:38:349 w ap 0 reg 17 MSP  (0x20000500)  
13:13:38:349 w ap 0 reg 16 xPSR (0x01000000)  
13:13:38:354 w ap 0 @0x20000C00 : 0x00000200 bytes, Data 0x00000000...
13:13:38:355 w ap 0 @0x20000000 : 0x00000004 bytes, Data 0x0000BE00...
13:13:38:358 w ap 0 @0x20000004 : 0x000007D6 bytes, Data 0xB672B580...
13:13:38:358 Erasing internal memory sector 0
13:13:38:358 Init flashloader...
13:13:38:368 halt ap 0 
13:13:38:369 w ap 0 reg 0 R0   0x00000001
13:13:38:369 w ap 0 reg 1 R1   0x00000000
13:13:38:369 w ap 0 reg 2 R2   0x00000000
13:13:38:369 w ap 0 reg 3 R3   0x00000000
13:13:38:369 w ap 0 reg 4 R4   0x00000000
13:13:38:369 w ap 0 reg 5 R5   0x00000000
13:13:38:369 w ap 0 reg 6 R6   0x00000000
13:13:38:369 w ap 0 reg 7 R7   0x00000000
13:13:38:369 w ap 0 reg 8 R8   0x00000000
13:13:38:369 w ap 0 reg 9 R9   0x00000000
13:13:38:369 w ap 0 reg 10 R10  0x00000000
13:13:38:369 w ap 0 reg 11 R11  0x00000000
13:13:38:369 w ap 0 reg 12 R12  0x00000000
13:13:38:369 w ap 0 reg 13 SP   0x00000000
13:13:38:369 w ap 0 reg 14 LR   0x20000001
13:13:38:369 w ap 0 reg 15 PC   0x20000005
13:13:38:369 w ap 0 reg 16 xPSR 0x01000000
13:13:38:369 w ap 0 reg 17 MSP  0x20000BD6
13:13:38:369 w ap 0 reg 18 PSP  0x00000000
13:13:38:369 run ap 0 
13:13:38:369 halt ap 0 
13:13:38:369 r ap 0 reg 0 R0   0x00000001
13:13:38:369 Loader sector erase...
13:13:38:369 w ap 0 reg 0 R0   0x08000000
13:13:38:369 w ap 0 reg 1 R1   0x08000000
13:13:38:369 w ap 0 reg 2 R2   0x00000002
13:13:38:369 w ap 0 reg 3 R3   0x00000000
13:13:38:369 w ap 0 reg 4 R4   0x00000000
13:13:38:369 w ap 0 reg 5 R5   0x00000000
13:13:38:369 w ap 0 reg 6 R6   0x00000000
13:13:38:369 w ap 0 reg 7 R7   0x00000000
13:13:38:384 w ap 0 reg 8 R8   0x00000000
13:13:38:385 w ap 0 reg 9 R9   0x00000000
13:13:38:385 w ap 0 reg 10 R10  0x00000000
13:13:38:386 w ap 0 reg 11 R11  0x00000000
13:13:38:386 w ap 0 reg 12 R12  0x00000000
13:13:38:387 w ap 0 reg 13 SP   0x00000000
13:13:38:387 w ap 0 reg 14 LR   0x20000001
13:13:38:387 w ap 0 reg 15 PC   0x200002BB
13:13:38:389 w ap 0 reg 16 xPSR 0x01000000
13:13:38:389 w ap 0 reg 17 MSP  0x20000BD6
13:13:38:390 w ap 0 reg 18 PSP  0x00000000
13:13:38:390 run ap 0 
13:13:38:392 halt ap 0 
13:13:38:392 r ap 0 reg 0 R0   0x00000001
13:13:38:392 erase: 0048ms
13:13:38:392 Erasing Segment <1> Address <0x0800005C> Size <52>Bytes
13:13:38:392 Erasing memory corresponding to segment 1:
13:13:38:392 r ap 0 @0x40022040 0x00000004 bytes Data 0x10080080
13:13:38:392 fail @0xFEEEFEEE
13:13:38:392 Memory Erase via FlashLoader!
13:13:38:392 Memory erase...
13:13:38:392 halt ap 0 
13:13:38:392 w ap 0 reg 15 PC   (0x20000000)  
13:13:38:392 w ap 0 reg 17 MSP  (0x20000500)  
13:13:38:392 w ap 0 reg 16 xPSR (0x01000000)  
13:13:38:403 w ap 0 @0x20000C00 : 0x00000200 bytes, Data 0x00000000...
13:13:38:404 w ap 0 @0x20000000 : 0x00000004 bytes, Data 0x0000BE00...
13:13:38:407 w ap 0 @0x20000004 : 0x000007D6 bytes, Data 0xB672B580...
13:13:38:407 Erasing internal memory sector 0
13:13:38:407 Init flashloader...
13:13:38:417 halt ap 0 
13:13:38:418 w ap 0 reg 0 R0   0x00000001
13:13:38:418 w ap 0 reg 1 R1   0x00000000
13:13:38:418 w ap 0 reg 2 R2   0x00000000
13:13:38:418 w ap 0 reg 3 R3   0x00000000
13:13:38:418 w ap 0 reg 4 R4   0x00000000
13:13:38:418 w ap 0 reg 5 R5   0x00000000
13:13:38:418 w ap 0 reg 6 R6   0x00000000
13:13:38:418 w ap 0 reg 7 R7   0x00000000
13:13:38:418 w ap 0 reg 8 R8   0x00000000
13:13:38:418 w ap 0 reg 9 R9   0x00000000
13:13:38:418 w ap 0 reg 10 R10  0x00000000
13:13:38:418 w ap 0 reg 11 R11  0x00000000
13:13:38:418 w ap 0 reg 12 R12  0x00000000
13:13:38:418 w ap 0 reg 13 SP   0x00000000
13:13:38:418 w ap 0 reg 14 LR   0x20000001
13:13:38:418 w ap 0 reg 15 PC   0x20000005
13:13:38:418 w ap 0 reg 16 xPSR 0x01000000
13:13:38:418 w ap 0 reg 17 MSP  0x20000BD6
13:13:38:418 w ap 0 reg 18 PSP  0x00000000
13:13:38:418 run ap 0 
13:13:38:418 halt ap 0 
13:13:38:418 r ap 0 reg 0 R0   0x00000001
13:13:38:418 Loader sector erase...
13:13:38:418 w ap 0 reg 0 R0   0x08000000
13:13:38:418 w ap 0 reg 1 R1   0x08000000
13:13:38:418 w ap 0 reg 2 R2   0x00000002
13:13:38:418 w ap 0 reg 3 R3   0x00000000
13:13:38:418 w ap 0 reg 4 R4   0x00000000
13:13:38:418 w ap 0 reg 5 R5   0x00000000
13:13:38:418 w ap 0 reg 6 R6   0x00000000
13:13:38:434 w ap 0 reg 7 R7   0x00000000
13:13:38:435 w ap 0 reg 8 R8   0x00000000
13:13:38:435 w ap 0 reg 9 R9   0x00000000
13:13:38:435 w ap 0 reg 10 R10  0x00000000
13:13:38:436 w ap 0 reg 11 R11  0x00000000
13:13:38:437 w ap 0 reg 12 R12  0x00000000
13:13:38:437 w ap 0 reg 13 SP   0x00000000
13:13:38:438 w ap 0 reg 14 LR   0x20000001
13:13:38:438 w ap 0 reg 15 PC   0x200002BB
13:13:38:439 w ap 0 reg 16 xPSR 0x01000000
13:13:38:440 w ap 0 reg 17 MSP  0x20000BD6
13:13:38:440 w ap 0 reg 18 PSP  0x00000000
13:13:38:440 run ap 0 
13:13:38:441 halt ap 0 
13:13:38:441 r ap 0 reg 0 R0   0x00000001
13:13:38:441 erase: 0050ms
13:13:38:441 Download in Progress:
13:13:38:441   Size          : 48 Bytes
13:13:38:441   Address       : 0x08000000
13:13:38:441 

13:13:38:441 Buffer program...
13:13:38:441 halt ap 0 
13:13:38:441 w ap 0 reg 15 PC   (0x20000000)  
13:13:38:441 w ap 0 reg 17 MSP  (0x20000500)  
13:13:38:441 w ap 0 reg 16 xPSR (0x01000000)  
13:13:38:452 w ap 0 @0x20000C00 : 0x00000200 bytes, Data 0x00000000...
13:13:38:454 w ap 0 @0x20000000 : 0x00000004 bytes, Data 0x0000BE00...
13:13:38:457 w ap 0 @0x20000004 : 0x000007D6 bytes, Data 0xB672B580...
13:13:38:457 Loader write range...
13:13:38:457 w ap 0 @0x20000C00 : 0x00000018 bytes, Data 0x03020100...
13:13:38:457 W B1 in RAM @0x20000C00 size 0x00000018 : 0000ms
13:13:38:457 Init flashloader...
13:13:38:467 halt ap 0 
13:13:38:468 w ap 0 reg 0 R0   0x00000001
13:13:38:468 w ap 0 reg 1 R1   0x00000000
13:13:38:468 w ap 0 reg 2 R2   0x00000000
13:13:38:468 w ap 0 reg 3 R3   0x00000000
13:13:38:468 w ap 0 reg 4 R4   0x00000000
13:13:38:468 w ap 0 reg 5 R5   0x00000000
13:13:38:468 w ap 0 reg 6 R6   0x00000000
13:13:38:468 w ap 0 reg 7 R7   0x00000000
13:13:38:468 w ap 0 reg 8 R8   0x00000000
13:13:38:468 w ap 0 reg 9 R9   0x00000000
13:13:38:468 w ap 0 reg 10 R10  0x00000000
13:13:38:468 w ap 0 reg 11 R11  0x00000000
13:13:38:468 w ap 0 reg 12 R12  0x00000000
13:13:38:468 w ap 0 reg 13 SP   0x00000000
13:13:38:468 w ap 0 reg 14 LR   0x20000001
13:13:38:468 w ap 0 reg 15 PC   0x20000005
13:13:38:468 w ap 0 reg 16 xPSR 0x01000000
13:13:38:468 w ap 0 reg 17 MSP  0x20000BD6
13:13:38:468 w ap 0 reg 18 PSP  0x00000000
13:13:38:468 run ap 0 
13:13:38:468 halt ap 0 
13:13:38:468 r ap 0 reg 0 R0   0x00000001
13:13:38:468 w ap 0 reg 0 R0   0x08000000
13:13:38:468 w ap 0 reg 1 R1   0x00000018
13:13:38:468 w ap 0 reg 2 R2   0x20000C00
13:13:38:468 w ap 0 reg 3 R3   0x00000002
13:13:38:468 w ap 0 reg 4 R4   0x00000000
13:13:38:468 w ap 0 reg 5 R5   0x00000000
13:13:38:468 w ap 0 reg 6 R6   0x00000000
13:13:38:468 w ap 0 reg 7 R7   0x00000000
13:13:38:483 w ap 0 reg 8 R8   0x00000000
13:13:38:484 w ap 0 reg 9 R9   0x00000000
13:13:38:484 w ap 0 reg 10 R10  0x00000000
13:13:38:485 w ap 0 reg 11 R11  0x00000000
13:13:38:485 w ap 0 reg 12 R12  0x00000000
13:13:38:486 w ap 0 reg 13 SP   0x00000000
13:13:38:486 w ap 0 reg 14 LR   0x20000001
13:13:38:487 w ap 0 reg 15 PC   0x20000041
13:13:38:487 w ap 0 reg 16 xPSR 0x01000000
13:13:38:488 w ap 0 reg 17 MSP  0x20000BD6
13:13:38:489 w ap 0 reg 18 PSP  0x00000000
13:13:38:489 run ap 0 
13:13:38:489 w ap 0 @0x20000C18 : 0x00000018 bytes, Data 0x1B1A1918...
13:13:38:489 W B2 in RAM @0x2000A400 size 0x00000018: 0022ms
13:13:38:501 r ap 0 reg 0 R0   0x00000001
13:13:38:501 Wait W B1 in Flash @0x08000000 size 0x00000018: 0020ms
13:13:38:501 w ap 0 reg 0 R0   0x08000018
13:13:38:501 w ap 0 reg 1 R1   0x00000018
13:13:38:501 w ap 0 reg 2 R2   0x20000C18
13:13:38:501 w ap 0 reg 3 R3   0x00000002
13:13:38:501 w ap 0 reg 4 R4   0x00000000
13:13:38:501 w ap 0 reg 5 R5   0x00000000
13:13:38:501 w ap 0 reg 6 R6   0x00000000
13:13:38:501 w ap 0 reg 7 R7   0x00000000
13:13:38:501 w ap 0 reg 8 R8   0x00000000
13:13:38:501 w ap 0 reg 9 R9   0x00000000
13:13:38:501 w ap 0 reg 10 R10  0x00000000
13:13:38:501 w ap 0 reg 11 R11  0x00000000
13:13:38:516 w ap 0 reg 12 R12  0x00000000
13:13:38:517 w ap 0 reg 13 SP   0x00000000
13:13:38:517 w ap 0 reg 14 LR   0x20000001
13:13:38:519 w ap 0 reg 15 PC   0x20000041
13:13:38:519 w ap 0 reg 16 xPSR 0x01000000
13:13:38:520 w ap 0 reg 17 MSP  0x20000BD6
13:13:38:520 w ap 0 reg 18 PSP  0x00000000
13:13:38:520 run ap 0 
13:13:38:542 r ap 0 reg 0 R0   0x00000001
13:13:38:542 Write elapsed time: 0075ms
13:13:38:542 Sector[0] downloaded successfully
13:13:38:542   Size          : 52 Bytes
13:13:38:542   Address       : 0x0800005C
13:13:38:542 

13:13:38:542 Buffer program...
13:13:38:546 halt ap 0 
13:13:38:546 w ap 0 reg 15 PC   (0x20000000)  
13:13:38:546 w ap 0 reg 17 MSP  (0x20000500)  
13:13:38:547 w ap 0 reg 16 xPSR (0x01000000)  
13:13:38:551 w ap 0 @0x20000C00 : 0x00000200 bytes, Data 0x00000000...
13:13:38:551 w ap 0 @0x20000000 : 0x00000004 bytes, Data 0x0000BE00...
13:13:38:556 w ap 0 @0x20000004 : 0x000007D6 bytes, Data 0xB672B580...
13:13:38:556 Loader write range...
13:13:38:556 w ap 0 @0x20000C00 : 0x0000001C bytes, Data 0x33323130...
13:13:38:556 W B1 in RAM @0x20000C00 size 0x0000001C : 0000ms
13:13:38:556 Init flashloader...
13:13:38:556 halt ap 0 
13:13:38:556 w ap 0 reg 0 R0   0x00000001
13:13:38:567 w ap 0 reg 1 R1   0x00000000
13:13:38:567 w ap 0 reg 2 R2   0x00000000
13:13:38:568 w ap 0 reg 3 R3   0x00000000
13:13:38:568 w ap 0 reg 4 R4   0x00000000
13:13:38:568 w ap 0 reg 5 R5   0x00000000
13:13:38:568 w ap 0 reg 6 R6   0x00000000
13:13:38:568 w ap 0 reg 7 R7   0x00000000
13:13:38:568 w ap 0 reg 8 R8   0x00000000
13:13:38:568 w ap 0 reg 9 R9   0x00000000
13:13:38:568 w ap 0 reg 10 R10  0x00000000
13:13:38:568 w ap 0 reg 11 R11  0x00000000
13:13:38:568 w ap 0 reg 12 R12  0x00000000
13:13:38:568 w ap 0 reg 13 SP   0x00000000
13:13:38:568 w ap 0 reg 14 LR   0x20000001
13:13:38:568 w ap 0 reg 15 PC   0x20000005
13:13:38:568 w ap 0 reg 16 xPSR 0x01000000
13:13:38:568 w ap 0 reg 17 MSP  0x20000BD6
13:13:38:568 w ap 0 reg 18 PSP  0x00000000
13:13:38:568 run ap 0 
13:13:38:568 halt ap 0 
13:13:38:568 r ap 0 reg 0 R0   0x00000001
13:13:38:568 w ap 0 reg 0 R0   0x0800005C
13:13:38:568 w ap 0 reg 1 R1   0x0000001C
13:13:38:568 w ap 0 reg 2 R2   0x20000C00
13:13:38:568 w ap 0 reg 3 R3   0x00000002
13:13:38:568 w ap 0 reg 4 R4   0x00000000
13:13:38:568 w ap 0 reg 5 R5   0x00000000
13:13:38:568 w ap 0 reg 6 R6   0x00000000
13:13:38:568 w ap 0 reg 7 R7   0x00000000
13:13:38:568 w ap 0 reg 8 R8   0x00000000
13:13:38:584 w ap 0 reg 9 R9   0x00000000
13:13:38:584 w ap 0 reg 10 R10  0x00000000
13:13:38:585 w ap 0 reg 11 R11  0x00000000
13:13:38:585 w ap 0 reg 12 R12  0x00000000
13:13:38:586 w ap 0 reg 13 SP   0x00000000
13:13:38:586 w ap 0 reg 14 LR   0x20000001
13:13:38:587 w ap 0 reg 15 PC   0x20000041
13:13:38:587 w ap 0 reg 16 xPSR 0x01000000
13:13:38:589 w ap 0 reg 17 MSP  0x20000BD6
13:13:38:589 w ap 0 reg 18 PSP  0x00000000
13:13:38:589 run ap 0 
13:13:38:590 w ap 0 @0x20000C1C : 0x00000018 bytes, Data 0x7B7A7978...
13:13:38:590 W B2 in RAM @0x2000A400 size 0x00000018: 0024ms
13:13:38:613 r ap 0 reg 0 R0   0x00000001
13:13:38:613 Wait W B1 in Flash @0x0800005C size 0x0000001C: 0023ms
13:13:38:614 w ap 0 reg 0 R0   0x08000078
13:13:38:614 w ap 0 reg 1 R1   0x00000018
13:13:38:615 w ap 0 reg 2 R2   0x20000C1C
13:13:38:615 w ap 0 reg 3 R3   0x00000002
13:13:38:616 w ap 0 reg 4 R4   0x00000000
13:13:38:616 w ap 0 reg 5 R5   0x00000000
13:13:38:617 w ap 0 reg 6 R6   0x00000000
13:13:38:617 w ap 0 reg 7 R7   0x00000000
13:13:38:618 w ap 0 reg 8 R8   0x00000000
13:13:38:618 w ap 0 reg 9 R9   0x00000000
13:13:38:618 w ap 0 reg 10 R10  0x00000000
13:13:38:620 w ap 0 reg 11 R11  0x00000000
13:13:38:620 w ap 0 reg 12 R12  0x00000000
13:13:38:620 w ap 0 reg 13 SP   0x00000000
13:13:38:620 w ap 0 reg 14 LR   0x20000001
13:13:38:622 w ap 0 reg 15 PC   0x20000041
13:13:38:622 w ap 0 reg 16 xPSR 0x01000000
13:13:38:622 w ap 0 reg 17 MSP  0x20000BD6
13:13:38:624 w ap 0 reg 18 PSP  0x00000000
13:13:38:624 run ap 0 
13:13:38:644 r ap 0 reg 0 R0   0x00000001
13:13:38:644 Write elapsed time: 0080ms
13:13:38:646 Sector[0] downloaded successfully
13:13:38:646 

13:13:38:646 File download complete
13:13:38:646 Time elapsed during download operation: 00:00:00.300
13:13:38:646 


13:13:38:646 Verifying...
13:13:38:647 

13:13:38:647 Read progress:
13:13:38:647 Reading data...
13:13:38:647 r ap 0 @0x08000000 0x00000030 bytes Data 0x03020100
13:13:38:647 Reading data...
13:13:38:647 r ap 0 @0x0800005C 0x00000034 bytes Data 0x33323130
13:13:38:647 

13:13:38:647 Time elapsed during verifying operation: 00:00:00.001
13:13:38:647 

13:13:38:647 Download verified successfully
13:13:38:647 

13:13:38:651 Disconnected
